2026-06-04 13:32:18,737 DEBUG    root            Loaded Command Group: ['gcloud', 'components']
2026-06-04 13:32:18,790 DEBUG    root            Loaded Command Group: ['gcloud', 'components', 'update']
2026-06-04 13:32:18,793 DEBUG    root            Running [gcloud.components.update] with arguments: [--quiet: "True", COMPONENT-IDS:8: "['gcloud', 'core', 'bq', 'gsutil', 'compute', 'preview', 'alpha', 'beta']"]
2026-06-04 13:32:18,794 DEBUG    root            On GCE from disk cache: False
2026-06-04 13:32:18,795 INFO     ___FILE_ONLY___ Beginning update. This process may take several minutes.

2026-06-04 13:32:18,797 DEBUG    root            On GCE from memory cache: False
2026-06-04 13:32:18,799 DEBUG    root            On GCE from memory cache: False
2026-06-04 13:32:18,802 DEBUG    urllib3.connectionpool Starting new HTTPS connection (1): dl.google.com:443
2026-06-04 13:32:18,877 DEBUG    urllib3.connectionpool https://dl.google.com:443 "GET /dl/cloudsdk/channels/rapid/components-2.json HTTP/1.1" 200 25096
2026-06-04 13:32:18,895 WARNING  root            Component [compute] no longer exists.
2026-06-04 13:32:18,896 INFO     ___FILE_ONLY___ 

2026-06-04 13:32:18,897 INFO     ___FILE_ONLY___ 
Your current Google Cloud CLI version is: 571.0.0

2026-06-04 13:32:18,897 INFO     ___FILE_ONLY___ Installing components from version: 571.0.0

2026-06-04 13:32:18,897 INFO     ___FILE_ONLY___ 

2026-06-04 13:32:18,898 DEBUG    root            Chosen display Format:table[box,title="These components will be removed."](details.display_name:label=Name:align=left,version.version_string:label=Version:align=right,data.size.size(zero="",min=1048576):label=Size:align=right)
2026-06-04 13:32:18,898 DEBUG    root            Chosen display Format:table[box,title="These components will be updated."](details.display_name:label=Name:align=left,version.version_string:label=Version:align=right,data.size.size(zero="",min=1048576):label=Size:align=right)
2026-06-04 13:32:18,899 DEBUG    root            Chosen display Format:table[box,title="These components will be installed."](details.display_name:label=Name:align=left,version.version_string:label=Version:align=right,data.size.size(zero="",min=1048576):label=Size:align=right)
2026-06-04 13:32:18,930 INFO     ___FILE_ONLY___ ┌────────────────────────────────────────────────┐
2026-06-04 13:32:18,930 INFO     ___FILE_ONLY___ 

2026-06-04 13:32:18,930 INFO     ___FILE_ONLY___ │      These components will be installed.       │
2026-06-04 13:32:18,930 INFO     ___FILE_ONLY___ 

2026-06-04 13:32:18,931 INFO     ___FILE_ONLY___ ├─────────────────────────┬────────────┬─────────┤
2026-06-04 13:32:18,931 INFO     ___FILE_ONLY___ 

2026-06-04 13:32:18,931 INFO     ___FILE_ONLY___ │           Name          │  Version   │   Size  │
2026-06-04 13:32:18,931 INFO     ___FILE_ONLY___ 

2026-06-04 13:32:18,931 INFO     ___FILE_ONLY___ ├─────────────────────────┼────────────┼─────────┤
2026-06-04 13:32:18,931 INFO     ___FILE_ONLY___ 

2026-06-04 13:32:18,931 INFO     ___FILE_ONLY___ │ 
2026-06-04 13:32:18,931 INFO     ___FILE_ONLY___ gcloud Alpha Commands  
2026-06-04 13:32:18,932 INFO     ___FILE_ONLY___  
2026-06-04 13:32:18,932 INFO     ___FILE_ONLY___ │ 
2026-06-04 13:32:18,932 INFO     ___FILE_ONLY___ 2026.05.29
2026-06-04 13:32:18,932 INFO     ___FILE_ONLY___  
2026-06-04 13:32:18,932 INFO     ___FILE_ONLY___ │ 
2026-06-04 13:32:18,932 INFO     ___FILE_ONLY___ < 1 MiB
2026-06-04 13:32:18,932 INFO     ___FILE_ONLY___  
2026-06-04 13:32:18,932 INFO     ___FILE_ONLY___ │
2026-06-04 13:32:18,932 INFO     ___FILE_ONLY___ 

2026-06-04 13:32:18,932 INFO     ___FILE_ONLY___ │ 
2026-06-04 13:32:18,932 INFO     ___FILE_ONLY___ gcloud Beta Commands   
2026-06-04 13:32:18,933 INFO     ___FILE_ONLY___  
2026-06-04 13:32:18,933 INFO     ___FILE_ONLY___ │ 
2026-06-04 13:32:18,933 INFO     ___FILE_ONLY___ 2026.05.29
2026-06-04 13:32:18,933 INFO     ___FILE_ONLY___  
2026-06-04 13:32:18,933 INFO     ___FILE_ONLY___ │ 
2026-06-04 13:32:18,933 INFO     ___FILE_ONLY___ < 1 MiB
2026-06-04 13:32:18,933 INFO     ___FILE_ONLY___  
2026-06-04 13:32:18,933 INFO     ___FILE_ONLY___ │
2026-06-04 13:32:18,933 INFO     ___FILE_ONLY___ 

2026-06-04 13:32:18,933 INFO     ___FILE_ONLY___ │ 
2026-06-04 13:32:18,933 INFO     ___FILE_ONLY___ gcloud Preview Commands
2026-06-04 13:32:18,934 INFO     ___FILE_ONLY___  
2026-06-04 13:32:18,934 INFO     ___FILE_ONLY___ │ 
2026-06-04 13:32:18,934 INFO     ___FILE_ONLY___ 2026.05.29
2026-06-04 13:32:18,934 INFO     ___FILE_ONLY___  
2026-06-04 13:32:18,934 INFO     ___FILE_ONLY___ │ 
2026-06-04 13:32:18,934 INFO     ___FILE_ONLY___ < 1 MiB
2026-06-04 13:32:18,934 INFO     ___FILE_ONLY___  
2026-06-04 13:32:18,934 INFO     ___FILE_ONLY___ │
2026-06-04 13:32:18,934 INFO     ___FILE_ONLY___ 

2026-06-04 13:32:18,934 INFO     ___FILE_ONLY___ └─────────────────────────┴────────────┴─────────┘
2026-06-04 13:32:18,934 INFO     ___FILE_ONLY___ 

2026-06-04 13:32:18,935 INFO     ___FILE_ONLY___ 

2026-06-04 13:32:18,936 DEBUG    root            On GCE from memory cache: False
2026-06-04 13:32:18,938 DEBUG    root            On GCE from memory cache: False
2026-06-04 13:32:18,939 DEBUG    urllib3.connectionpool Starting new HTTPS connection (1): dl.google.com:443
2026-06-04 13:32:19,014 DEBUG    urllib3.connectionpool https://dl.google.com:443 "GET /dl/cloudsdk/channels/rapid/RELEASE_NOTES HTTP/1.1" 200 366948
2026-06-04 13:32:19,981 INFO     ___FILE_ONLY___ For the latest full release notes, please visit:
  https://cloud.google.com/sdk/release_notes


2026-06-04 13:32:19,982 INFO     ___FILE_ONLY___ Performing in place update...


2026-06-04 13:32:19,984 INFO     ___FILE_ONLY___ ╔════════════════════════════════════════════════════════════╗

2026-06-04 13:32:19,984 INFO     ___FILE_ONLY___ ╠═ Downloading: gcloud Alpha Commands                       ═╣

2026-06-04 13:32:19,985 INFO     ___FILE_ONLY___ ╚
2026-06-04 13:32:19,986 DEBUG    root            On GCE from memory cache: False
2026-06-04 13:32:19,987 DEBUG    root            On GCE from memory cache: False
2026-06-04 13:32:19,989 DEBUG    urllib3.connectionpool Starting new HTTPS connection (1): dl.google.com:443
2026-06-04 13:32:20,107 DEBUG    urllib3.connectionpool https://dl.google.com:443 "GET /dl/cloudsdk/channels/rapid/components/google-cloud-sdk-alpha-20260529041429.tar.gz HTTP/1.1" 200 761
2026-06-04 13:32:20,108 INFO     ___FILE_ONLY___ ════════════════════════════════════════════════════════════
2026-06-04 13:32:20,108 INFO     ___FILE_ONLY___ ╝

2026-06-04 13:32:20,111 INFO     ___FILE_ONLY___ ╔════════════════════════════════════════════════════════════╗

2026-06-04 13:32:20,111 INFO     ___FILE_ONLY___ ╠═ Downloading: gcloud Beta Commands                        ═╣

2026-06-04 13:32:20,111 INFO     ___FILE_ONLY___ ╚
2026-06-04 13:32:20,112 DEBUG    root            On GCE from memory cache: False
2026-06-04 13:32:20,114 DEBUG    root            On GCE from memory cache: False
2026-06-04 13:32:20,115 DEBUG    urllib3.connectionpool Starting new HTTPS connection (1): dl.google.com:443
2026-06-04 13:32:20,233 DEBUG    urllib3.connectionpool https://dl.google.com:443 "GET /dl/cloudsdk/channels/rapid/components/google-cloud-sdk-beta-20260529041429.tar.gz HTTP/1.1" 200 758
2026-06-04 13:32:20,234 INFO     ___FILE_ONLY___ ════════════════════════════════════════════════════════════
2026-06-04 13:32:20,235 INFO     ___FILE_ONLY___ ╝

2026-06-04 13:32:20,237 INFO     ___FILE_ONLY___ ╔════════════════════════════════════════════════════════════╗

2026-06-04 13:32:20,237 INFO     ___FILE_ONLY___ ╠═ Downloading: gcloud Preview Commands                     ═╣

2026-06-04 13:32:20,237 INFO     ___FILE_ONLY___ ╚
2026-06-04 13:32:20,239 DEBUG    root            On GCE from memory cache: False
2026-06-04 13:32:20,240 DEBUG    root            On GCE from memory cache: False
2026-06-04 13:32:20,242 DEBUG    urllib3.connectionpool Starting new HTTPS connection (1): dl.google.com:443
2026-06-04 13:32:20,365 DEBUG    urllib3.connectionpool https://dl.google.com:443 "GET /dl/cloudsdk/channels/rapid/components/google-cloud-sdk-preview-20260529041429.tar.gz HTTP/1.1" 200 782
2026-06-04 13:32:20,366 INFO     ___FILE_ONLY___ ════════════════════════════════════════════════════════════
2026-06-04 13:32:20,366 INFO     ___FILE_ONLY___ ╝

2026-06-04 13:32:20,369 INFO     ___FILE_ONLY___ ╔════════════════════════════════════════════════════════════╗

2026-06-04 13:32:20,369 INFO     ___FILE_ONLY___ ╠═ Installing: gcloud Alpha Commands                        ═╣

2026-06-04 13:32:20,369 INFO     ___FILE_ONLY___ ╚
2026-06-04 13:32:20,370 INFO     ___FILE_ONLY___ ════════════════════════════════════════════════════════════
2026-06-04 13:32:20,371 INFO     ___FILE_ONLY___ ╝

2026-06-04 13:32:20,379 INFO     ___FILE_ONLY___ ╔════════════════════════════════════════════════════════════╗

2026-06-04 13:32:20,379 INFO     ___FILE_ONLY___ ╠═ Installing: gcloud Beta Commands                         ═╣

2026-06-04 13:32:20,379 INFO     ___FILE_ONLY___ ╚
2026-06-04 13:32:20,380 INFO     ___FILE_ONLY___ ════════════════════════════════════════════════════════════
2026-06-04 13:32:20,381 INFO     ___FILE_ONLY___ ╝

2026-06-04 13:32:20,388 INFO     ___FILE_ONLY___ ╔════════════════════════════════════════════════════════════╗

2026-06-04 13:32:20,388 INFO     ___FILE_ONLY___ ╠═ Installing: gcloud Preview Commands                      ═╣

2026-06-04 13:32:20,388 INFO     ___FILE_ONLY___ ╚
2026-06-04 13:32:20,389 INFO     ___FILE_ONLY___ ════════════════════════════════════════════════════════════
2026-06-04 13:32:20,389 INFO     ___FILE_ONLY___ ╝

2026-06-04 13:32:20,398 DEBUG    root            Updating notification cache...
2026-06-04 13:32:20,399 INFO     ___FILE_ONLY___ 

2026-06-04 13:32:20,401 INFO     ___FILE_ONLY___ Performing post processing steps...
2026-06-04 13:32:20,402 DEBUG    root            Executing command: ['/tools/google-cloud-sdk/bin/gcloud', 'components', 'post-process']
2026-06-04 13:32:37,108 DEBUG    ___FILE_ONLY___ 
2026-06-04 13:32:37,108 DEBUG    ___FILE_ONLY___ 
2026-06-04 13:32:37,211 INFO     root            descriptor_list: [{'universeDomain': 'googleapis.com', 'universeShortName': '', 'authenticationDomain': 'auth.cloud.google.com', 'projectPrefix': '', 'cloudWebDomain': 'cloud.google.com', 'documentationDomain': 'cloud.google.com', 'version': '1.0.0', 'state': 'primary', 'artifactRegistryDomain': 'pkg.dev'}]
2026-06-04 13:32:37,211 INFO     ___FILE_ONLY___ 
Update done!


2026-06-04 13:32:37,215 DEBUG    root            Chosen display Format:none
2026-06-04 13:32:37,216 INFO     root            Display format: "none"
